2026-01-13 00:02:05,370 [INFO] faiss.loader: Loading faiss.
2026-01-13 00:02:05,473 [INFO] faiss.loader: Successfully loaded faiss.
2026-01-13 00:02:05,479 [INFO] backend.logging.LoggingWrapper: Starting backend.
2026-01-13 00:02:05,480 [INFO] backend.logging.LoggingWrapper: Checking events RAG stores.
2026-01-13 00:02:05,480 [INFO] backend.logging.LoggingWrapper: Checking facts RAG stores.
2026-01-13 00:02:05,480 [INFO] backend.logging.LoggingWrapper: Checking goals RAG stores.
2026-01-13 00:02:06,593 [INFO] backend.logging.LoggingWrapper: Loading conversation: list[dict] from 71bb608b-1ffa-4a42-8dc0-b9454d12adc7.json
2026-01-13 00:02:06,593 [INFO] backend.logging.LoggingWrapper: Loading conversation: list[dict] from 71bb608b-1ffa-4a42-8dc0-b9454d12adc7.json
2026-01-13 00:02:06,593 [INFO] backend.logging.LoggingWrapper: Loading conversation: list[dict] from 71bb608b-1ffa-4a42-8dc0-b9454d12adc7.json
2026-01-13 00:02:06,594 [INFO] backend.logging.LoggingWrapper: Generating rules.
2026-01-13 00:02:06,594 [INFO] backend.logging.LoggingWrapper: Generating tool contract.
2026-01-13 00:02:06,594 [INFO] backend.logging.LoggingWrapper: Generating conversational transcript.
2026-01-13 00:02:06,594 [INFO] backend.logging.LoggingWrapper: Loading conversation: list[dict] from 71bb608b-1ffa-4a42-8dc0-b9454d12adc7.json
2026-01-13 00:02:06,594 [INFO] backend.logging.LoggingWrapper: Converting transcript from list[dict] to list[str]
2026-01-13 00:02:06,594 [INFO] backend.logging.LoggingWrapper: [{'role': None, 'content': None, 'timestamp': '2026-01-13T05:30:11+00:00'}, {'role': 'user', 'content': 'hi', 'timestamp': '2026-01-13T05:32:44+00:00'}, {'role': 'user', 'content': 'hello', 'timestamp': '2026-01-13T05:33:46+00:00'}, {'role': 'user', 'content': 'hi', 'timestamp': '2026-01-13T05:41:55+00:00'}, {'role': 'user', 'content': 'hi', 'timestamp': '2026-01-13T05:42:15+00:00'}, {'role': 'user', 'content': 'hi', 'timestamp': '2026-01-13T05:44:51+00:00'}, {'role': 'user', 'content': 'hi', 'timestamp': '2026-01-13T05:50:37+00:00'}, {'role': 'user', 'content': 'hi', 'timestamp': '2026-01-13T05:51:30+00:00'}, {'role': 'user', 'content': 'hi', 'timestamp': '2026-01-13T05:52:27+00:00'}, {'role': 'user', 'content': 'hi', 'timestamp': '2026-01-13T05:53:09+00:00'}, {'role': 'user', 'content': 'hi', 'timestamp': '2026-01-13T06:02:06+00:00'}]
2026-01-13 00:02:06,594 [INFO] backend.logging.LoggingWrapper: create_transcript: 'NoneType' object has no attribute 'capitalize'
2026-01-13 00:02:26,328 [INFO] backend.logging.LoggingWrapper: Loading conversation: list[dict] from b2329d37-9b24-469e-b6f8-2cf66cb000b6.json
2026-01-13 00:02:26,329 [ERROR] backend.logging.LoggingWrapper: Exception('Conversation DNE in short term nor long term memory.')
2026-01-13 00:02:26,329 [INFO] backend.logging.LoggingWrapper: Loading conversation: list[dict] from b2329d37-9b24-469e-b6f8-2cf66cb000b6.json
2026-01-13 00:02:26,329 [ERROR] backend.logging.LoggingWrapper: Exception('Conversation DNE in short term nor long term memory.')
2026-01-13 00:02:26,329 [INFO] backend.logging.LoggingWrapper: Loading conversation: list[dict] from b2329d37-9b24-469e-b6f8-2cf66cb000b6.json
2026-01-13 00:02:26,329 [ERROR] backend.logging.LoggingWrapper: Exception('Conversation DNE in short term nor long term memory.')
2026-01-13 00:02:26,329 [INFO] backend.logging.LoggingWrapper: [save_conversation] Skipping invalid turn: role=None, content=None
2026-01-13 00:02:26,330 [INFO] backend.logging.LoggingWrapper: Generating rules.
2026-01-13 00:02:26,330 [INFO] backend.logging.LoggingWrapper: Generating tool contract.
2026-01-13 00:02:26,330 [INFO] backend.logging.LoggingWrapper: Generating conversational transcript.
2026-01-13 00:02:26,330 [INFO] backend.logging.LoggingWrapper: Loading conversation: list[dict] from b2329d37-9b24-469e-b6f8-2cf66cb000b6.json
2026-01-13 00:02:26,330 [INFO] backend.logging.LoggingWrapper: Converting transcript from list[dict] to list[str]
2026-01-13 00:02:26,330 [INFO] backend.logging.LoggingWrapper: []
2026-01-13 00:02:26,330 [INFO] backend.logging.LoggingWrapper: Trimming transcript.
2026-01-13 00:02:26,330 [INFO] backend.logging.LoggingWrapper: IndexError('list index out of range')
2026-01-13 00:03:35,972 [INFO] faiss.loader: Loading faiss.
2026-01-13 00:03:36,048 [INFO] faiss.loader: Successfully loaded faiss.
2026-01-13 00:03:36,054 [INFO] backend.logging.LoggingWrapper: Starting backend.
2026-01-13 00:03:36,056 [INFO] backend.logging.LoggingWrapper: Checking events RAG stores.
2026-01-13 00:03:36,056 [INFO] backend.logging.LoggingWrapper: Checking facts RAG stores.
2026-01-13 00:03:36,056 [INFO] backend.logging.LoggingWrapper: Checking goals RAG stores.
2026-01-13 00:03:36,523 [INFO] backend.logging.LoggingWrapper: Loading conversation: list[dict] from b2329d37-9b24-469e-b6f8-2cf66cb000b6.json
2026-01-13 00:03:36,523 [INFO] backend.logging.LoggingWrapper: Loading conversation: list[dict] from b2329d37-9b24-469e-b6f8-2cf66cb000b6.json
2026-01-13 00:03:36,524 [INFO] backend.logging.LoggingWrapper: Loading conversation: list[dict] from b2329d37-9b24-469e-b6f8-2cf66cb000b6.json
2026-01-13 00:03:36,525 [INFO] backend.logging.LoggingWrapper: Generating rules.
2026-01-13 00:03:36,525 [INFO] backend.logging.LoggingWrapper: Generating tool contract.
2026-01-13 00:03:36,525 [INFO] backend.logging.LoggingWrapper: Generating conversational transcript.
2026-01-13 00:03:36,525 [INFO] backend.logging.LoggingWrapper: Loading conversation: list[dict] from b2329d37-9b24-469e-b6f8-2cf66cb000b6.json
2026-01-13 00:03:36,525 [INFO] backend.logging.LoggingWrapper: Converting transcript from list[dict] to list[str]
2026-01-13 00:03:36,525 [INFO] backend.logging.LoggingWrapper: [{'role': 'user', 'content': 'hi', 'timestamp': '2026-01-13T06:03:36+00:00'}]
2026-01-13 00:03:36,525 [INFO] backend.logging.LoggingWrapper: Trimming transcript.
2026-01-13 00:03:58,289 [INFO] faiss.loader: Loading faiss.
2026-01-13 00:03:58,369 [INFO] faiss.loader: Successfully loaded faiss.
2026-01-13 00:03:58,374 [INFO] backend.logging.LoggingWrapper: Starting backend.
2026-01-13 00:03:58,376 [INFO] backend.logging.LoggingWrapper: Checking events RAG stores.
2026-01-13 00:03:58,376 [INFO] backend.logging.LoggingWrapper: Checking facts RAG stores.
2026-01-13 00:03:58,376 [INFO] backend.logging.LoggingWrapper: Checking goals RAG stores.
2026-01-13 00:04:01,398 [INFO] backend.logging.LoggingWrapper: Loading conversation: list[dict] from b2329d37-9b24-469e-b6f8-2cf66cb000b6.json
2026-01-13 00:04:01,398 [INFO] backend.logging.LoggingWrapper: Loading conversation: list[dict] from b2329d37-9b24-469e-b6f8-2cf66cb000b6.json
2026-01-13 00:04:01,399 [INFO] backend.logging.LoggingWrapper: Loading conversation: list[dict] from b2329d37-9b24-469e-b6f8-2cf66cb000b6.json
2026-01-13 00:04:01,399 [INFO] backend.logging.LoggingWrapper: Generating rules.
2026-01-13 00:04:01,399 [INFO] backend.logging.LoggingWrapper: Generating tool contract.
2026-01-13 00:04:01,400 [INFO] backend.logging.LoggingWrapper: Generating conversational transcript.
2026-01-13 00:04:01,400 [INFO] backend.logging.LoggingWrapper: Loading conversation: list[dict] from b2329d37-9b24-469e-b6f8-2cf66cb000b6.json
2026-01-13 00:04:01,400 [INFO] backend.logging.LoggingWrapper: Converting transcript from list[dict] to list[str]
2026-01-13 00:04:01,400 [INFO] backend.logging.LoggingWrapper: [{'role': 'user', 'content': 'hi', 'timestamp': '2026-01-13T06:03:36+00:00'}, {'role': 'user', 'content': 'hi', 'timestamp': '2026-01-13T06:04:01+00:00'}]
2026-01-13 00:04:01,400 [INFO] backend.logging.LoggingWrapper: Trimming transcript.
2026-01-13 00:04:01,400 [INFO] backend.logging.LoggingWrapper: Getting response...
2026-01-13 00:04:12,567 [INFO] backend.logging.LoggingWrapper: Loading conversation: list[dict] from b2329d37-9b24-469e-b6f8-2cf66cb000b6.json
2026-01-13 00:04:12,569 [INFO] backend.logging.LoggingWrapper: Loading conversation: list[dict] from b2329d37-9b24-469e-b6f8-2cf66cb000b6.json
2026-01-13 00:05:57,335 [INFO] faiss.loader: Loading faiss.
2026-01-13 00:05:57,419 [INFO] faiss.loader: Successfully loaded faiss.
2026-01-13 00:05:57,425 [INFO] backend.logging.LoggingWrapper: Starting backend.
2026-01-13 00:05:57,426 [INFO] backend.logging.LoggingWrapper: Checking events RAG stores.
2026-01-13 00:05:57,426 [INFO] backend.logging.LoggingWrapper: Checking facts RAG stores.
2026-01-13 00:05:57,426 [INFO] backend.logging.LoggingWrapper: Checking goals RAG stores.
2026-01-13 00:06:29,607 [INFO] backend.logging.LoggingWrapper: Loading conversation: list[dict] from b2329d37-9b24-469e-b6f8-2cf66cb000b6.json
2026-01-13 00:06:29,608 [INFO] backend.logging.LoggingWrapper: Loading conversation: list[dict] from b2329d37-9b24-469e-b6f8-2cf66cb000b6.json
2026-01-13 00:06:29,608 [INFO] backend.logging.LoggingWrapper: Loading conversation: list[dict] from b2329d37-9b24-469e-b6f8-2cf66cb000b6.json
2026-01-13 00:06:29,609 [INFO] backend.logging.LoggingWrapper: Generating rules.
2026-01-13 00:06:29,609 [INFO] backend.logging.LoggingWrapper: Generating tool contract.
2026-01-13 00:06:29,609 [INFO] backend.logging.LoggingWrapper: Generating conversational transcript.
2026-01-13 00:06:29,609 [INFO] backend.logging.LoggingWrapper: Loading conversation: list[dict] from b2329d37-9b24-469e-b6f8-2cf66cb000b6.json
2026-01-13 00:06:29,609 [INFO] backend.logging.LoggingWrapper: Converting transcript from list[dict] to list[str]
2026-01-13 00:06:29,609 [INFO] backend.logging.LoggingWrapper: Trimming transcript.
2026-01-13 00:06:29,609 [INFO] backend.logging.LoggingWrapper: Getting response...
2026-01-13 00:06:32,017 [INFO] backend.logging.LoggingWrapper: Loading conversation: list[dict] from b2329d37-9b24-469e-b6f8-2cf66cb000b6.json
2026-01-13 00:06:32,017 [INFO] backend.logging.LoggingWrapper: Loading conversation: list[dict] from b2329d37-9b24-469e-b6f8-2cf66cb000b6.json
2026-01-13 00:16:31,098 [INFO] faiss.loader: Loading faiss.
2026-01-13 00:16:31,191 [INFO] faiss.loader: Successfully loaded faiss.
2026-01-13 00:16:31,197 [INFO] backend.logging.LoggingWrapper: Starting backend.
2026-01-13 00:16:31,199 [INFO] backend.logging.LoggingWrapper: Checking events RAG stores.
2026-01-13 00:16:31,199 [INFO] backend.logging.LoggingWrapper: Checking facts RAG stores.
2026-01-13 00:16:31,199 [INFO] backend.logging.LoggingWrapper: Checking goals RAG stores.
2026-01-13 00:16:40,467 [INFO] backend.logging.LoggingWrapper: Loading conversation: list[dict] from a7a55db0-1416-4f72-8aa9-d6c60dd7d019.json
2026-01-13 00:16:40,467 [ERROR] backend.logging.LoggingWrapper: Exception('Conversation DNE in short term nor long term memory.')
2026-01-13 00:16:40,467 [INFO] backend.logging.LoggingWrapper: Loading conversation: list[dict] from a7a55db0-1416-4f72-8aa9-d6c60dd7d019.json
2026-01-13 00:16:40,467 [ERROR] backend.logging.LoggingWrapper: Exception('Conversation DNE in short term nor long term memory.')
2026-01-13 00:16:40,467 [INFO] backend.logging.LoggingWrapper: Loading conversation: list[dict] from a7a55db0-1416-4f72-8aa9-d6c60dd7d019.json
2026-01-13 00:16:40,467 [ERROR] backend.logging.LoggingWrapper: Exception('Conversation DNE in short term nor long term memory.')
2026-01-13 00:16:40,467 [INFO] backend.logging.LoggingWrapper: [save_conversation] Skipping invalid turn: role=None, content=None
2026-01-13 00:16:40,468 [INFO] backend.logging.LoggingWrapper: Generating rules.
2026-01-13 00:16:40,468 [INFO] backend.logging.LoggingWrapper: Generating tool contract.
2026-01-13 00:16:40,468 [INFO] backend.logging.LoggingWrapper: Generating conversational transcript.
2026-01-13 00:16:40,468 [INFO] backend.logging.LoggingWrapper: Loading conversation: list[dict] from a7a55db0-1416-4f72-8aa9-d6c60dd7d019.json
2026-01-13 00:16:40,468 [INFO] backend.logging.LoggingWrapper: Converting transcript from list[dict] to list[str]
2026-01-13 00:16:40,468 [INFO] backend.logging.LoggingWrapper: Trimming transcript.
2026-01-13 00:16:40,468 [INFO] backend.logging.LoggingWrapper: IndexError('list index out of range')
2026-01-13 00:16:40,469 [INFO] backend.logging.LoggingWrapper: Getting response...
2026-01-13 00:16:49,356 [INFO] backend.logging.LoggingWrapper: Loading conversation: list[dict] from a7a55db0-1416-4f72-8aa9-d6c60dd7d019.json
2026-01-13 00:16:49,356 [INFO] backend.logging.LoggingWrapper: Loading conversation: list[dict] from a7a55db0-1416-4f72-8aa9-d6c60dd7d019.json
2026-01-13 00:20:44,483 [INFO] faiss.loader: Loading faiss.
2026-01-13 00:20:44,587 [INFO] faiss.loader: Successfully loaded faiss.
2026-01-13 00:20:44,594 [INFO] backend.logging.LoggingWrapper: Starting backend.
2026-01-13 00:20:44,595 [INFO] backend.logging.LoggingWrapper: Checking events RAG stores.
2026-01-13 00:20:44,595 [INFO] backend.logging.LoggingWrapper: Checking facts RAG stores.
2026-01-13 00:20:44,595 [INFO] backend.logging.LoggingWrapper: Checking goals RAG stores.
2026-01-13 00:20:50,384 [INFO] backend.logging.LoggingWrapper: Loading conversation: list[dict] from 1e1766cd-b5e0-46d8-bf07-192cf8f1faf0.json
2026-01-13 00:20:50,385 [ERROR] backend.logging.LoggingWrapper: Exception('Conversation DNE in short term nor long term memory.')
2026-01-13 00:20:50,385 [INFO] backend.logging.LoggingWrapper: Loading conversation: list[dict] from 1e1766cd-b5e0-46d8-bf07-192cf8f1faf0.json
2026-01-13 00:20:50,385 [ERROR] backend.logging.LoggingWrapper: Exception('Conversation DNE in short term nor long term memory.')
2026-01-13 00:20:50,385 [INFO] backend.logging.LoggingWrapper: Loading conversation: list[dict] from 1e1766cd-b5e0-46d8-bf07-192cf8f1faf0.json
2026-01-13 00:20:50,385 [ERROR] backend.logging.LoggingWrapper: Exception('Conversation DNE in short term nor long term memory.')
2026-01-13 00:20:50,385 [INFO] backend.logging.LoggingWrapper: [save_conversation] Skipping invalid turn: role=None, content=None
2026-01-13 00:20:50,385 [INFO] backend.logging.LoggingWrapper: Generating rules.
2026-01-13 00:20:50,385 [INFO] backend.logging.LoggingWrapper: Generating tool contract.
2026-01-13 00:20:50,385 [INFO] backend.logging.LoggingWrapper: Generating conversational transcript.
2026-01-13 00:20:50,385 [INFO] backend.logging.LoggingWrapper: Loading conversation: list[dict] from 1e1766cd-b5e0-46d8-bf07-192cf8f1faf0.json
2026-01-13 00:20:50,385 [INFO] backend.logging.LoggingWrapper: Converting transcript from list[dict] to list[str]
2026-01-13 00:20:50,385 [INFO] backend.logging.LoggingWrapper: Trimming transcript.
2026-01-13 00:20:50,385 [INFO] backend.logging.LoggingWrapper: IndexError('list index out of range')
2026-01-13 00:20:50,386 [INFO] backend.logging.LoggingWrapper: Getting response...
2026-01-13 00:20:53,891 [INFO] backend.logging.LoggingWrapper: Loading conversation: list[dict] from 1e1766cd-b5e0-46d8-bf07-192cf8f1faf0.json
2026-01-13 00:20:53,891 [INFO] backend.logging.LoggingWrapper: Loading conversation: list[dict] from 1e1766cd-b5e0-46d8-bf07-192cf8f1faf0.json
2026-01-13 00:22:11,906 [INFO] faiss.loader: Loading faiss.
2026-01-13 00:22:12,010 [INFO] faiss.loader: Successfully loaded faiss.
2026-01-13 00:22:12,015 [INFO] backend.logging.LoggingWrapper: Starting backend.
2026-01-13 00:22:12,016 [INFO] backend.logging.LoggingWrapper: Checking events RAG stores.
2026-01-13 00:22:12,016 [INFO] backend.logging.LoggingWrapper: Checking facts RAG stores.
2026-01-13 00:22:12,016 [INFO] backend.logging.LoggingWrapper: Checking goals RAG stores.
2026-01-13 00:22:32,433 [INFO] backend.logging.LoggingWrapper: Loading conversation: list[dict] from 1015c244-c544-4f1c-b112-ba77e208bb1a.json
2026-01-13 00:22:32,434 [ERROR] backend.logging.LoggingWrapper: Exception('Conversation DNE in short term nor long term memory.')
2026-01-13 00:22:32,434 [INFO] backend.logging.LoggingWrapper: Loading conversation: list[dict] from 1015c244-c544-4f1c-b112-ba77e208bb1a.json
2026-01-13 00:22:32,434 [ERROR] backend.logging.LoggingWrapper: Exception('Conversation DNE in short term nor long term memory.')
2026-01-13 00:22:32,434 [INFO] backend.logging.LoggingWrapper: Loading conversation: list[dict] from 1015c244-c544-4f1c-b112-ba77e208bb1a.json
2026-01-13 00:22:32,434 [ERROR] backend.logging.LoggingWrapper: Exception('Conversation DNE in short term nor long term memory.')
2026-01-13 00:22:32,434 [INFO] backend.logging.LoggingWrapper: [save_conversation] Skipping invalid turn: role=None, content=None
2026-01-13 00:22:32,435 [INFO] backend.logging.LoggingWrapper: Generating rules.
2026-01-13 00:22:32,435 [INFO] backend.logging.LoggingWrapper: Generating tool contract.
2026-01-13 00:22:32,435 [INFO] backend.logging.LoggingWrapper: Generating conversational transcript.
2026-01-13 00:22:32,435 [INFO] backend.logging.LoggingWrapper: Loading conversation: list[dict] from 1015c244-c544-4f1c-b112-ba77e208bb1a.json
2026-01-13 00:22:32,435 [INFO] backend.logging.LoggingWrapper: Converting transcript from list[dict] to list[str]
2026-01-13 00:22:32,435 [INFO] backend.logging.LoggingWrapper: Trimming transcript.
2026-01-13 00:22:32,435 [INFO] backend.logging.LoggingWrapper: IndexError('list index out of range')
2026-01-13 00:22:32,435 [INFO] backend.logging.LoggingWrapper: Getting response...
2026-01-13 00:22:35,839 [INFO] backend.logging.LoggingWrapper: Loading conversation: list[dict] from 1015c244-c544-4f1c-b112-ba77e208bb1a.json
2026-01-13 00:22:35,839 [INFO] backend.logging.LoggingWrapper: Loading conversation: list[dict] from 1015c244-c544-4f1c-b112-ba77e208bb1a.json
2026-01-13 00:31:36,963 [INFO] backend.logging.LoggingWrapper: Loading conversation: list[dict] from f32b9140-47cc-4a69-98f5-e62d1d1d9468.json
2026-01-13 00:31:36,964 [ERROR] backend.logging.LoggingWrapper: Exception('Conversation DNE in short term nor long term memory.')
2026-01-13 00:31:36,964 [INFO] backend.logging.LoggingWrapper: Loading conversation: list[dict] from f32b9140-47cc-4a69-98f5-e62d1d1d9468.json
2026-01-13 00:31:36,964 [ERROR] backend.logging.LoggingWrapper: Exception('Conversation DNE in short term nor long term memory.')
2026-01-13 00:31:36,964 [INFO] backend.logging.LoggingWrapper: Loading conversation: list[dict] from f32b9140-47cc-4a69-98f5-e62d1d1d9468.json
2026-01-13 00:31:36,964 [ERROR] backend.logging.LoggingWrapper: Exception('Conversation DNE in short term nor long term memory.')
2026-01-13 00:31:36,964 [INFO] backend.logging.LoggingWrapper: [save_conversation] Skipping invalid turn: role=None, content=None
2026-01-13 00:31:36,965 [INFO] backend.logging.LoggingWrapper: Generating rules.
2026-01-13 00:31:36,965 [INFO] backend.logging.LoggingWrapper: Generating tool contract.
2026-01-13 00:31:36,965 [INFO] backend.logging.LoggingWrapper: Generating conversational transcript.
2026-01-13 00:31:36,965 [INFO] backend.logging.LoggingWrapper: Loading conversation: list[dict] from f32b9140-47cc-4a69-98f5-e62d1d1d9468.json
2026-01-13 00:31:36,966 [INFO] backend.logging.LoggingWrapper: Converting transcript from list[dict] to list[str]
2026-01-13 00:31:36,966 [INFO] backend.logging.LoggingWrapper: Trimming transcript.
2026-01-13 00:31:36,966 [INFO] backend.logging.LoggingWrapper: IndexError('list index out of range')
2026-01-13 00:31:36,966 [INFO] backend.logging.LoggingWrapper: Getting response...
2026-01-13 00:31:41,407 [INFO] backend.logging.LoggingWrapper: Loading conversation: list[dict] from f32b9140-47cc-4a69-98f5-e62d1d1d9468.json
2026-01-13 00:31:41,408 [INFO] backend.logging.LoggingWrapper: Loading conversation: list[dict] from f32b9140-47cc-4a69-98f5-e62d1d1d9468.json
2026-01-13 00:32:09,926 [INFO] backend.logging.LoggingWrapper: Loading conversation: list[dict] from f32b9140-47cc-4a69-98f5-e62d1d1d9468.json
2026-01-13 00:32:09,926 [INFO] backend.logging.LoggingWrapper: Loading conversation: list[dict] from f32b9140-47cc-4a69-98f5-e62d1d1d9468.json
2026-01-13 00:32:09,926 [INFO] backend.logging.LoggingWrapper: Loading conversation: list[dict] from f32b9140-47cc-4a69-98f5-e62d1d1d9468.json
2026-01-13 00:32:09,927 [INFO] backend.logging.LoggingWrapper: Generating rules.
2026-01-13 00:32:09,927 [INFO] backend.logging.LoggingWrapper: Generating tool contract.
2026-01-13 00:32:09,927 [INFO] backend.logging.LoggingWrapper: Generating conversational transcript.
2026-01-13 00:32:09,927 [INFO] backend.logging.LoggingWrapper: Loading conversation: list[dict] from f32b9140-47cc-4a69-98f5-e62d1d1d9468.json
2026-01-13 00:32:09,927 [INFO] backend.logging.LoggingWrapper: Converting transcript from list[dict] to list[str]
2026-01-13 00:32:09,927 [INFO] backend.logging.LoggingWrapper: Trimming transcript.
2026-01-13 00:32:09,928 [INFO] backend.logging.LoggingWrapper: Getting response...
2026-01-13 00:32:11,828 [INFO] backend.logging.LoggingWrapper: Loading conversation: list[dict] from f32b9140-47cc-4a69-98f5-e62d1d1d9468.json
2026-01-13 00:32:11,830 [INFO] backend.logging.LoggingWrapper: Loading conversation: list[dict] from f32b9140-47cc-4a69-98f5-e62d1d1d9468.json
2026-01-13 00:34:37,346 [INFO] faiss.loader: Loading faiss.
2026-01-13 00:34:37,444 [INFO] faiss.loader: Successfully loaded faiss.
2026-01-13 00:34:37,449 [INFO] backend.logging.LoggingWrapper: Starting backend.
2026-01-13 00:34:37,451 [INFO] backend.logging.LoggingWrapper: Checking events RAG stores.
2026-01-13 00:34:37,451 [INFO] backend.logging.LoggingWrapper: Checking facts RAG stores.
2026-01-13 00:34:37,451 [INFO] backend.logging.LoggingWrapper: Checking goals RAG stores.
2026-01-13 00:35:00,837 [INFO] backend.logging.LoggingWrapper: Loading conversation: list[dict] from f32b9140-47cc-4a69-98f5-e62d1d1d9468.json
2026-01-13 00:35:00,838 [INFO] backend.logging.LoggingWrapper: Loading conversation: list[dict] from f32b9140-47cc-4a69-98f5-e62d1d1d9468.json
2026-01-13 00:35:00,838 [INFO] backend.logging.LoggingWrapper: [save_conversation] Skipping invalid turn: role=None, content=None
2026-01-13 00:35:00,838 [INFO] backend.logging.LoggingWrapper: Generating rules.
2026-01-13 00:35:00,838 [INFO] backend.logging.LoggingWrapper: Generating tool contract.
2026-01-13 00:35:00,838 [INFO] backend.logging.LoggingWrapper: Generating conversational transcript.
2026-01-13 00:35:00,838 [INFO] backend.logging.LoggingWrapper: Loading conversation: list[dict] from f32b9140-47cc-4a69-98f5-e62d1d1d9468.json
2026-01-13 00:35:00,839 [INFO] backend.logging.LoggingWrapper: Converting transcript from list[dict] to list[str]
2026-01-13 00:35:00,839 [INFO] backend.logging.LoggingWrapper: Trimming transcript.
2026-01-13 00:35:00,839 [INFO] backend.logging.LoggingWrapper: Getting response...
2026-01-13 00:35:02,719 [INFO] backend.logging.LoggingWrapper: Loading conversation: list[dict] from f32b9140-47cc-4a69-98f5-e62d1d1d9468.json
2026-01-13 00:35:02,719 [INFO] backend.logging.LoggingWrapper: [save_conversation] Skipping invalid turn: role=None, content=None
2026-01-13 00:35:32,534 [INFO] backend.logging.LoggingWrapper: Loading conversation: list[dict] from f32b9140-47cc-4a69-98f5-e62d1d1d9468.json
2026-01-13 00:35:32,534 [INFO] backend.logging.LoggingWrapper: Loading conversation: list[dict] from f32b9140-47cc-4a69-98f5-e62d1d1d9468.json
2026-01-13 00:35:32,534 [INFO] backend.logging.LoggingWrapper: [save_conversation] Skipping invalid turn: role=None, content=None
2026-01-13 00:35:32,535 [INFO] backend.logging.LoggingWrapper: Generating rules.
2026-01-13 00:35:32,535 [INFO] backend.logging.LoggingWrapper: Generating tool contract.
2026-01-13 00:35:32,535 [INFO] backend.logging.LoggingWrapper: Generating conversational transcript.
2026-01-13 00:35:32,535 [INFO] backend.logging.LoggingWrapper: Loading conversation: list[dict] from f32b9140-47cc-4a69-98f5-e62d1d1d9468.json
2026-01-13 00:35:32,535 [INFO] backend.logging.LoggingWrapper: Converting transcript from list[dict] to list[str]
2026-01-13 00:35:32,535 [INFO] backend.logging.LoggingWrapper: Trimming transcript.
2026-01-13 00:35:32,535 [INFO] backend.logging.LoggingWrapper: Getting response...
2026-01-13 00:35:33,102 [INFO] backend.logging.LoggingWrapper: Loading conversation: list[dict] from f32b9140-47cc-4a69-98f5-e62d1d1d9468.json
2026-01-13 00:35:33,102 [INFO] backend.logging.LoggingWrapper: [save_conversation] Skipping invalid turn: role=None, content=None
2026-01-13 00:37:26,781 [INFO] backend.logging.LoggingWrapper: Loading conversation: list[dict] from e9d1e51e-d7a1-4022-a03d-66de7e82e9b9.json
2026-01-13 00:37:26,782 [ERROR] backend.logging.LoggingWrapper: Exception('Conversation DNE in short term nor long term memory.')
2026-01-13 00:37:26,782 [INFO] backend.logging.LoggingWrapper: Loading conversation: list[dict] from e9d1e51e-d7a1-4022-a03d-66de7e82e9b9.json
2026-01-13 00:37:26,782 [ERROR] backend.logging.LoggingWrapper: Exception('Conversation DNE in short term nor long term memory.')
2026-01-13 00:37:26,782 [INFO] backend.logging.LoggingWrapper: [save_conversation] Skipping invalid turn: role=None, content=None
2026-01-13 00:37:26,783 [INFO] backend.logging.LoggingWrapper: Generating rules.
2026-01-13 00:37:26,783 [INFO] backend.logging.LoggingWrapper: Generating tool contract.
2026-01-13 00:37:26,783 [INFO] backend.logging.LoggingWrapper: Generating conversational transcript.
2026-01-13 00:37:26,783 [INFO] backend.logging.LoggingWrapper: Loading conversation: list[dict] from e9d1e51e-d7a1-4022-a03d-66de7e82e9b9.json
2026-01-13 00:37:26,783 [INFO] backend.logging.LoggingWrapper: Converting transcript from list[dict] to list[str]
2026-01-13 00:37:26,783 [INFO] backend.logging.LoggingWrapper: Trimming transcript.
2026-01-13 00:37:26,783 [INFO] backend.logging.LoggingWrapper: IndexError('list index out of range')
2026-01-13 00:37:26,784 [INFO] backend.logging.LoggingWrapper: Getting response...
2026-01-13 00:37:29,401 [INFO] backend.logging.LoggingWrapper: Loading conversation: list[dict] from e9d1e51e-d7a1-4022-a03d-66de7e82e9b9.json
2026-01-13 00:37:29,401 [INFO] backend.logging.LoggingWrapper: [save_conversation] Skipping invalid turn: role=None, content=None
2026-01-13 00:41:13,465 [INFO] faiss.loader: Loading faiss.
2026-01-13 00:41:13,556 [INFO] faiss.loader: Successfully loaded faiss.
2026-01-13 00:41:13,562 [INFO] backend.logging.LoggingWrapper: Starting backend.
2026-01-13 00:41:13,564 [INFO] backend.logging.LoggingWrapper: Checking events RAG stores.
2026-01-13 00:41:13,564 [INFO] backend.logging.LoggingWrapper: Checking facts RAG stores.
2026-01-13 00:41:13,564 [INFO] backend.logging.LoggingWrapper: Checking goals RAG stores.
2026-01-13 00:41:30,921 [INFO] backend.logging.LoggingWrapper: Loading conversation: list[dict] from e9d1e51e-d7a1-4022-a03d-66de7e82e9b9.json
2026-01-13 00:41:30,921 [INFO] backend.logging.LoggingWrapper: Loading conversation: list[dict] from e9d1e51e-d7a1-4022-a03d-66de7e82e9b9.json
2026-01-13 00:41:30,922 [INFO] backend.logging.LoggingWrapper: [save_conversation] Skipping invalid turn: role=None, content=None
2026-01-13 00:41:30,923 [INFO] backend.logging.LoggingWrapper: Generating rules.
2026-01-13 00:41:30,923 [INFO] backend.logging.LoggingWrapper: Generating tool contract.
2026-01-13 00:41:30,923 [INFO] backend.logging.LoggingWrapper: Generating conversational transcript.
2026-01-13 00:41:30,923 [INFO] backend.logging.LoggingWrapper: Loading conversation: list[dict] from e9d1e51e-d7a1-4022-a03d-66de7e82e9b9.json
2026-01-13 00:41:30,924 [INFO] backend.logging.LoggingWrapper: Converting transcript from list[dict] to list[str]
2026-01-13 00:41:30,924 [INFO] backend.logging.LoggingWrapper: Trimming transcript.
2026-01-13 00:41:30,924 [INFO] backend.logging.LoggingWrapper: IndexError('list index out of range')
2026-01-13 00:41:30,925 [INFO] backend.logging.LoggingWrapper: Getting response...
2026-01-13 00:41:33,666 [INFO] backend.logging.LoggingWrapper: Loading conversation: list[dict] from e9d1e51e-d7a1-4022-a03d-66de7e82e9b9.json
2026-01-13 00:41:33,667 [INFO] backend.logging.LoggingWrapper: [save_conversation] Skipping invalid turn: role=None, content=None
