2025-09-07 23:02:51,929 [INFO] faiss.loader: Loading faiss.
2025-09-07 23:02:52,084 [INFO] faiss.loader: Successfully loaded faiss.
2025-09-07 23:03:06,438 [ERROR] utility_wrappers.LoggingWrapper.LoggingWrapper: TypeError("unsupported operand type(s) for /: 'str' and 'str'")
2025-09-07 23:07:10,871 [INFO] faiss.loader: Loading faiss.
2025-09-07 23:07:10,893 [INFO] faiss.loader: Successfully loaded faiss.
2025-09-07 23:07:19,827 [ERROR] utility_wrappers.LoggingWrapper.LoggingWrapper: TypeError("unsupported operand type(s) for /: 'str' and 'str'")
2025-09-07 23:07:42,487 [INFO] faiss.loader: Loading faiss.
2025-09-07 23:07:42,500 [INFO] faiss.loader: Successfully loaded faiss.
2025-09-07 23:09:34,191 [INFO] faiss.loader: Loading faiss.
2025-09-07 23:09:34,204 [INFO] faiss.loader: Successfully loaded faiss.
2025-09-07 23:09:41,750 [INFO] utility_wrappers.LoggingWrapper.LoggingWrapper: Checking RAG stores.
2025-09-07 23:09:41,751 [INFO] utility_wrappers.LoggingWrapper.LoggingWrapper: Checking RAG stores.
2025-09-07 23:09:41,751 [INFO] utility_wrappers.LoggingWrapper.LoggingWrapper: Checking RAG stores.
2025-09-07 23:10:50,441 [INFO] faiss.loader: Loading faiss.
2025-09-07 23:10:50,455 [INFO] faiss.loader: Successfully loaded faiss.
2025-09-07 23:11:00,836 [INFO] utility_wrappers.LoggingWrapper.LoggingWrapper: Checking events RAG stores.
2025-09-07 23:11:00,836 [INFO] utility_wrappers.LoggingWrapper.LoggingWrapper: Checking facts RAG stores.
2025-09-07 23:11:00,836 [INFO] utility_wrappers.LoggingWrapper.LoggingWrapper: Checking goals RAG stores.
2025-09-07 23:11:17,205 [INFO] faiss.loader: Loading faiss.
2025-09-07 23:11:17,218 [INFO] faiss.loader: Successfully loaded faiss.
2025-09-07 23:11:24,191 [INFO] utility_wrappers.LoggingWrapper.LoggingWrapper: Checking events RAG stores.
2025-09-07 23:11:24,192 [INFO] utility_wrappers.LoggingWrapper.LoggingWrapper: Creating events RAG index.
2025-09-07 23:11:24,193 [INFO] sentence_transformers.SentenceTransformer: Load pretrained SentenceTransformer: sentence-transformers/all-MiniLM-L6-v2
2025-09-07 23:11:25,038 [ERROR] utility_wrappers.LoggingWrapper.LoggingWrapper: TypeError("StorageContext.__init__() missing 1 required positional argument: 'graph_store'")
2025-09-07 23:13:29,232 [INFO] faiss.loader: Loading faiss.
2025-09-07 23:13:29,253 [INFO] faiss.loader: Successfully loaded faiss.
2025-09-07 23:13:38,601 [INFO] utility_wrappers.LoggingWrapper.LoggingWrapper: Checking events RAG stores.
2025-09-07 23:13:38,601 [INFO] utility_wrappers.LoggingWrapper.LoggingWrapper: Creating events RAG index.
2025-09-07 23:13:38,602 [INFO] sentence_transformers.SentenceTransformer: Load pretrained SentenceTransformer: sentence-transformers/all-MiniLM-L6-v2
2025-09-07 23:13:39,704 [ERROR] utility_wrappers.LoggingWrapper.LoggingWrapper: TypeError("StorageContext.__init__() missing 1 required positional argument: 'graph_store'")
2025-09-07 23:32:26,979 [INFO] faiss.loader: Loading faiss.
2025-09-07 23:32:27,000 [INFO] faiss.loader: Successfully loaded faiss.
2025-09-07 23:32:36,550 [INFO] utility_wrappers.LoggingWrapper.LoggingWrapper: Checking events RAG stores.
2025-09-07 23:32:36,552 [INFO] utility_wrappers.LoggingWrapper.LoggingWrapper: Creating events RAG index.
2025-09-07 23:32:36,552 [INFO] sentence_transformers.SentenceTransformer: Load pretrained SentenceTransformer: sentence-transformers/all-MiniLM-L6-v2
2025-09-07 23:32:37,489 [INFO] sentence_transformers.SentenceTransformer: Load pretrained SentenceTransformer: sentence-transformers/all-MiniLM-L6-v2
2025-09-07 23:32:38,613 [ERROR] utility_wrappers.LoggingWrapper.LoggingWrapper: TypeError("'FaissMapVectorStore' object is not subscriptable")
2025-09-07 23:37:07,357 [INFO] faiss.loader: Loading faiss.
2025-09-07 23:37:07,378 [INFO] faiss.loader: Successfully loaded faiss.
2025-09-07 23:37:12,816 [INFO] utility_wrappers.LoggingWrapper.LoggingWrapper: Checking events RAG stores.
2025-09-07 23:37:12,816 [INFO] utility_wrappers.LoggingWrapper.LoggingWrapper: Creating events RAG index.
2025-09-07 23:37:12,817 [INFO] sentence_transformers.SentenceTransformer: Load pretrained SentenceTransformer: sentence-transformers/all-MiniLM-L6-v2
2025-09-07 23:37:13,801 [INFO] sentence_transformers.SentenceTransformer: Load pretrained SentenceTransformer: sentence-transformers/all-MiniLM-L6-v2
2025-09-07 23:37:14,637 [ERROR] utility_wrappers.LoggingWrapper.LoggingWrapper: TypeError("'FaissMapVectorStore' object is not subscriptable")
2025-09-07 23:38:52,772 [INFO] faiss.loader: Loading faiss.
2025-09-07 23:38:52,785 [INFO] faiss.loader: Successfully loaded faiss.
2025-09-07 23:38:59,961 [INFO] utility_wrappers.LoggingWrapper.LoggingWrapper: Checking events RAG stores.
2025-09-07 23:38:59,963 [INFO] utility_wrappers.LoggingWrapper.LoggingWrapper: Creating events RAG index.
2025-09-07 23:38:59,964 [INFO] sentence_transformers.SentenceTransformer: Load pretrained SentenceTransformer: sentence-transformers/all-MiniLM-L6-v2
2025-09-07 23:39:00,980 [INFO] sentence_transformers.SentenceTransformer: Load pretrained SentenceTransformer: sentence-transformers/all-MiniLM-L6-v2
2025-09-07 23:39:01,772 [ERROR] utility_wrappers.LoggingWrapper.LoggingWrapper: TypeError("'FaissMapVectorStore' object is not subscriptable")
2025-09-07 23:42:43,387 [INFO] faiss.loader: Loading faiss.
2025-09-07 23:42:43,399 [INFO] faiss.loader: Successfully loaded faiss.
2025-09-07 23:42:49,035 [INFO] utility_wrappers.LoggingWrapper.LoggingWrapper: Checking events RAG stores.
2025-09-07 23:42:49,035 [INFO] utility_wrappers.LoggingWrapper.LoggingWrapper: Creating events RAG index.
2025-09-07 23:42:49,036 [INFO] sentence_transformers.SentenceTransformer: Load pretrained SentenceTransformer: sentence-transformers/all-MiniLM-L6-v2
2025-09-07 23:42:49,931 [INFO] sentence_transformers.SentenceTransformer: Load pretrained SentenceTransformer: sentence-transformers/all-MiniLM-L6-v2
2025-09-07 23:42:50,775 [ERROR] utility_wrappers.LoggingWrapper.LoggingWrapper: TypeError("'FaissMapVectorStore' object is not subscriptable")
2025-09-07 23:43:36,633 [INFO] faiss.loader: Loading faiss.
2025-09-07 23:43:36,647 [INFO] faiss.loader: Successfully loaded faiss.
2025-09-07 23:43:43,111 [INFO] utility_wrappers.LoggingWrapper.LoggingWrapper: Checking events RAG stores.
2025-09-07 23:43:43,112 [INFO] utility_wrappers.LoggingWrapper.LoggingWrapper: Creating events RAG index.
2025-09-07 23:43:43,113 [INFO] sentence_transformers.SentenceTransformer: Load pretrained SentenceTransformer: sentence-transformers/all-MiniLM-L6-v2
2025-09-07 23:43:43,943 [INFO] sentence_transformers.SentenceTransformer: Load pretrained SentenceTransformer: sentence-transformers/all-MiniLM-L6-v2
2025-09-07 23:43:44,780 [ERROR] utility_wrappers.LoggingWrapper.LoggingWrapper: TypeError("'FaissMapVectorStore' object is not subscriptable")
2025-09-07 23:44:48,154 [INFO] faiss.loader: Loading faiss.
2025-09-07 23:44:48,167 [INFO] faiss.loader: Successfully loaded faiss.
2025-09-07 23:44:54,511 [INFO] utility_wrappers.LoggingWrapper.LoggingWrapper: Checking events RAG stores.
2025-09-07 23:44:54,512 [INFO] utility_wrappers.LoggingWrapper.LoggingWrapper: Creating events RAG index.
2025-09-07 23:44:54,512 [INFO] sentence_transformers.SentenceTransformer: Load pretrained SentenceTransformer: sentence-transformers/all-MiniLM-L6-v2
2025-09-07 23:44:55,358 [INFO] sentence_transformers.SentenceTransformer: Load pretrained SentenceTransformer: sentence-transformers/all-MiniLM-L6-v2
2025-09-07 23:44:56,248 [ERROR] utility_wrappers.LoggingWrapper.LoggingWrapper: TypeError("'FaissMapVectorStore' object is not subscriptable")
2025-09-07 23:46:05,072 [INFO] faiss.loader: Loading faiss.
2025-09-07 23:46:05,086 [INFO] faiss.loader: Successfully loaded faiss.
2025-09-07 23:46:12,098 [INFO] utility_wrappers.LoggingWrapper.LoggingWrapper: Checking events RAG stores.
2025-09-07 23:46:12,098 [INFO] utility_wrappers.LoggingWrapper.LoggingWrapper: Creating events RAG index.
2025-09-07 23:46:12,099 [INFO] sentence_transformers.SentenceTransformer: Load pretrained SentenceTransformer: sentence-transformers/all-MiniLM-L6-v2
2025-09-07 23:46:13,012 [INFO] sentence_transformers.SentenceTransformer: Load pretrained SentenceTransformer: sentence-transformers/all-MiniLM-L6-v2
2025-09-07 23:46:13,815 [ERROR] utility_wrappers.LoggingWrapper.LoggingWrapper: TypeError("'FaissMapVectorStore' object is not subscriptable")
2025-09-07 23:50:11,061 [INFO] faiss.loader: Loading faiss.
2025-09-07 23:50:11,084 [INFO] faiss.loader: Successfully loaded faiss.
2025-09-07 23:50:17,165 [INFO] utility_wrappers.LoggingWrapper.LoggingWrapper: Checking events RAG stores.
2025-09-07 23:50:17,165 [INFO] utility_wrappers.LoggingWrapper.LoggingWrapper: Creating events RAG index.
2025-09-07 23:50:17,166 [INFO] sentence_transformers.SentenceTransformer: Load pretrained SentenceTransformer: sentence-transformers/all-MiniLM-L6-v2
2025-09-07 23:50:18,085 [INFO] sentence_transformers.SentenceTransformer: Load pretrained SentenceTransformer: sentence-transformers/all-MiniLM-L6-v2
2025-09-07 23:50:18,912 [ERROR] utility_wrappers.LoggingWrapper.LoggingWrapper: TypeError("'FaissMapVectorStore' object is not subscriptable")
2025-09-07 23:52:51,416 [INFO] faiss.loader: Loading faiss.
2025-09-07 23:52:51,431 [INFO] faiss.loader: Successfully loaded faiss.
2025-09-07 23:52:58,400 [INFO] utility_wrappers.LoggingWrapper.LoggingWrapper: Checking events RAG stores.
2025-09-07 23:52:58,402 [INFO] utility_wrappers.LoggingWrapper.LoggingWrapper: Creating events RAG index.
2025-09-07 23:52:58,402 [INFO] sentence_transformers.SentenceTransformer: Load pretrained SentenceTransformer: sentence-transformers/all-MiniLM-L6-v2
2025-09-07 23:52:59,513 [ERROR] utility_wrappers.LoggingWrapper.LoggingWrapper: TypeError("StorageContext.__init__() got an unexpected keyword argument 'vector_store'")
2025-09-07 23:54:27,970 [INFO] faiss.loader: Loading faiss.
2025-09-07 23:54:27,984 [INFO] faiss.loader: Successfully loaded faiss.
2025-09-07 23:54:33,714 [INFO] utility_wrappers.LoggingWrapper.LoggingWrapper: Checking events RAG stores.
2025-09-07 23:54:33,714 [INFO] utility_wrappers.LoggingWrapper.LoggingWrapper: Creating events RAG index.
2025-09-07 23:54:33,716 [INFO] sentence_transformers.SentenceTransformer: Load pretrained SentenceTransformer: sentence-transformers/all-MiniLM-L6-v2
2025-09-07 23:54:34,729 [ERROR] utility_wrappers.LoggingWrapper.LoggingWrapper: TypeError("StorageContext.__init__() got an unexpected keyword argument 'vector_store'")
2025-09-07 23:55:01,368 [INFO] faiss.loader: Loading faiss.
2025-09-07 23:55:01,381 [INFO] faiss.loader: Successfully loaded faiss.
2025-09-07 23:55:09,134 [INFO] utility_wrappers.LoggingWrapper.LoggingWrapper: Checking events RAG stores.
2025-09-07 23:55:09,134 [INFO] utility_wrappers.LoggingWrapper.LoggingWrapper: Creating events RAG index.
2025-09-07 23:55:09,135 [INFO] sentence_transformers.SentenceTransformer: Load pretrained SentenceTransformer: sentence-transformers/all-MiniLM-L6-v2
2025-09-07 23:55:10,043 [INFO] sentence_transformers.SentenceTransformer: Load pretrained SentenceTransformer: sentence-transformers/all-MiniLM-L6-v2
2025-09-07 23:55:11,059 [ERROR] utility_wrappers.LoggingWrapper.LoggingWrapper: TypeError("'FaissMapVectorStore' object is not subscriptable")
2025-09-07 23:56:12,104 [INFO] faiss.loader: Loading faiss.
2025-09-07 23:56:12,119 [INFO] faiss.loader: Successfully loaded faiss.
2025-09-07 23:56:18,214 [INFO] utility_wrappers.LoggingWrapper.LoggingWrapper: Checking events RAG stores.
2025-09-07 23:56:18,215 [INFO] utility_wrappers.LoggingWrapper.LoggingWrapper: Creating events RAG index.
2025-09-07 23:56:18,215 [INFO] sentence_transformers.SentenceTransformer: Load pretrained SentenceTransformer: sentence-transformers/all-MiniLM-L6-v2
2025-09-07 23:56:19,285 [INFO] sentence_transformers.SentenceTransformer: Load pretrained SentenceTransformer: sentence-transformers/all-MiniLM-L6-v2
2025-09-07 23:56:20,288 [ERROR] utility_wrappers.LoggingWrapper.LoggingWrapper: TypeError("'FaissMapVectorStore' object is not subscriptable")
2025-09-07 23:56:49,867 [INFO] faiss.loader: Loading faiss.
2025-09-07 23:56:49,881 [INFO] faiss.loader: Successfully loaded faiss.
2025-09-07 23:56:56,466 [INFO] utility_wrappers.LoggingWrapper.LoggingWrapper: Checking events RAG stores.
2025-09-07 23:56:56,467 [INFO] utility_wrappers.LoggingWrapper.LoggingWrapper: Creating events RAG index.
2025-09-07 23:56:56,468 [INFO] sentence_transformers.SentenceTransformer: Load pretrained SentenceTransformer: sentence-transformers/all-MiniLM-L6-v2
2025-09-07 23:56:57,415 [INFO] utility_wrappers.LoggingWrapper.LoggingWrapper: Creating storage context.
2025-09-07 23:56:57,417 [INFO] sentence_transformers.SentenceTransformer: Load pretrained SentenceTransformer: sentence-transformers/all-MiniLM-L6-v2
2025-09-07 23:56:58,363 [ERROR] utility_wrappers.LoggingWrapper.LoggingWrapper: TypeError("'FaissMapVectorStore' object is not subscriptable")
2025-09-07 23:57:01,913 [INFO] faiss.loader: Loading faiss.
2025-09-07 23:57:01,926 [INFO] faiss.loader: Successfully loaded faiss.
2025-09-07 23:57:01,931 [INFO] utility_wrappers.LoggingWrapper.LoggingWrapper: Checking events RAG stores.
2025-09-07 23:57:01,931 [INFO] utility_wrappers.LoggingWrapper.LoggingWrapper: Creating events RAG index.
2025-09-07 23:57:01,931 [INFO] sentence_transformers.SentenceTransformer: Load pretrained SentenceTransformer: sentence-transformers/all-MiniLM-L6-v2
2025-09-07 23:57:02,820 [INFO] utility_wrappers.LoggingWrapper.LoggingWrapper: Creating storage context.
2025-09-07 23:57:02,820 [INFO] sentence_transformers.SentenceTransformer: Load pretrained SentenceTransformer: sentence-transformers/all-MiniLM-L6-v2
2025-09-07 23:57:03,762 [ERROR] utility_wrappers.LoggingWrapper.LoggingWrapper: TypeError("'FaissMapVectorStore' object is not subscriptable")
2025-09-07 23:57:35,109 [INFO] faiss.loader: Loading faiss.
2025-09-07 23:57:35,120 [INFO] faiss.loader: Successfully loaded faiss.
2025-09-07 23:57:35,124 [INFO] utility_wrappers.LoggingWrapper.LoggingWrapper: Checking events RAG stores.
2025-09-07 23:57:35,124 [INFO] utility_wrappers.LoggingWrapper.LoggingWrapper: Creating events RAG index.
2025-09-07 23:57:35,124 [INFO] sentence_transformers.SentenceTransformer: Load pretrained SentenceTransformer: sentence-transformers/all-MiniLM-L6-v2
2025-09-07 23:57:35,999 [INFO] utility_wrappers.LoggingWrapper.LoggingWrapper: Creating storage context.
2025-09-07 23:57:36,001 [INFO] sentence_transformers.SentenceTransformer: Load pretrained SentenceTransformer: sentence-transformers/all-MiniLM-L6-v2
2025-09-07 23:57:36,907 [ERROR] utility_wrappers.LoggingWrapper.LoggingWrapper: TypeError("'FaissMapVectorStore' object is not subscriptable")
2025-09-08 00:00:20,213 [INFO] faiss.loader: Loading faiss.
2025-09-08 00:00:20,224 [INFO] faiss.loader: Successfully loaded faiss.
2025-09-08 00:00:20,227 [INFO] utility_wrappers.LoggingWrapper.LoggingWrapper: Checking events RAG stores.
2025-09-08 00:00:20,228 [INFO] utility_wrappers.LoggingWrapper.LoggingWrapper: Creating events RAG index.
2025-09-08 00:00:20,228 [INFO] sentence_transformers.SentenceTransformer: Load pretrained SentenceTransformer: sentence-transformers/all-MiniLM-L6-v2
2025-09-08 00:00:21,153 [INFO] utility_wrappers.LoggingWrapper.LoggingWrapper: Creating storage context.
2025-09-08 00:00:21,155 [INFO] sentence_transformers.SentenceTransformer: Load pretrained SentenceTransformer: sentence-transformers/all-MiniLM-L6-v2
2025-09-08 00:00:22,058 [ERROR] utility_wrappers.LoggingWrapper.LoggingWrapper: TypeError("'FaissMapVectorStore' object is not subscriptable")
2025-09-08 00:01:31,496 [INFO] faiss.loader: Loading faiss.
2025-09-08 00:01:31,507 [INFO] faiss.loader: Successfully loaded faiss.
2025-09-08 00:01:31,511 [INFO] utility_wrappers.LoggingWrapper.LoggingWrapper: Checking events RAG stores.
2025-09-08 00:01:31,511 [INFO] utility_wrappers.LoggingWrapper.LoggingWrapper: Creating events RAG index.
2025-09-08 00:01:31,511 [INFO] sentence_transformers.SentenceTransformer: Load pretrained SentenceTransformer: sentence-transformers/all-MiniLM-L6-v2
2025-09-08 00:01:32,359 [INFO] utility_wrappers.LoggingWrapper.LoggingWrapper: Creating storage context.
2025-09-08 00:01:32,360 [INFO] sentence_transformers.SentenceTransformer: Load pretrained SentenceTransformer: sentence-transformers/all-MiniLM-L6-v2
2025-09-08 00:01:33,375 [ERROR] utility_wrappers.LoggingWrapper.LoggingWrapper: TypeError("'FaissMapVectorStore' object is not subscriptable")
2025-09-08 00:03:17,264 [INFO] faiss.loader: Loading faiss.
2025-09-08 00:03:17,275 [INFO] faiss.loader: Successfully loaded faiss.
2025-09-08 00:03:17,279 [INFO] utility_wrappers.LoggingWrapper.LoggingWrapper: Checking events RAG stores.
2025-09-08 00:03:17,279 [INFO] utility_wrappers.LoggingWrapper.LoggingWrapper: Creating events RAG index.
2025-09-08 00:03:17,279 [INFO] sentence_transformers.SentenceTransformer: Load pretrained SentenceTransformer: sentence-transformers/all-MiniLM-L6-v2
2025-09-08 00:03:18,436 [INFO] utility_wrappers.LoggingWrapper.LoggingWrapper: Creating storage context.
2025-09-08 00:03:18,438 [INFO] sentence_transformers.SentenceTransformer: Load pretrained SentenceTransformer: sentence-transformers/all-MiniLM-L6-v2
2025-09-08 00:03:19,309 [ERROR] utility_wrappers.LoggingWrapper.LoggingWrapper: TypeError("'FaissMapVectorStore' object is not subscriptable")
2025-09-08 00:05:50,529 [INFO] faiss.loader: Loading faiss.
2025-09-08 00:05:50,539 [INFO] faiss.loader: Successfully loaded faiss.
2025-09-08 00:05:50,543 [INFO] utility_wrappers.LoggingWrapper.LoggingWrapper: Checking events RAG stores.
2025-09-08 00:05:50,543 [INFO] utility_wrappers.LoggingWrapper.LoggingWrapper: Creating events RAG index.
2025-09-08 00:05:50,544 [INFO] sentence_transformers.SentenceTransformer: Load pretrained SentenceTransformer: sentence-transformers/all-MiniLM-L6-v2
2025-09-08 00:05:51,616 [INFO] utility_wrappers.LoggingWrapper.LoggingWrapper: Creating storage context.
2025-09-08 00:05:51,618 [INFO] sentence_transformers.SentenceTransformer: Load pretrained SentenceTransformer: sentence-transformers/all-MiniLM-L6-v2
2025-09-08 00:05:52,598 [ERROR] utility_wrappers.LoggingWrapper.LoggingWrapper: TypeError("'FaissMapVectorStore' object is not subscriptable")
2025-09-08 00:07:30,582 [INFO] faiss.loader: Loading faiss.
2025-09-08 00:07:30,593 [INFO] faiss.loader: Successfully loaded faiss.
2025-09-08 00:07:30,596 [INFO] utility_wrappers.LoggingWrapper.LoggingWrapper: Checking events RAG stores.
2025-09-08 00:07:30,596 [INFO] utility_wrappers.LoggingWrapper.LoggingWrapper: Creating events RAG index.
2025-09-08 00:07:30,596 [INFO] sentence_transformers.SentenceTransformer: Load pretrained SentenceTransformer: sentence-transformers/all-MiniLM-L6-v2
2025-09-08 00:07:31,503 [INFO] utility_wrappers.LoggingWrapper.LoggingWrapper: Creating storage context.
2025-09-08 00:07:31,505 [INFO] sentence_transformers.SentenceTransformer: Load pretrained SentenceTransformer: sentence-transformers/all-MiniLM-L6-v2
2025-09-08 00:07:32,501 [INFO] utility_wrappers.LoggingWrapper.LoggingWrapper: Maia/memory/RAG/store/events
2025-09-08 00:07:32,503 [INFO] utility_wrappers.LoggingWrapper.LoggingWrapper: Checking facts RAG stores.
2025-09-08 00:07:32,503 [INFO] utility_wrappers.LoggingWrapper.LoggingWrapper: Creating facts RAG index.
2025-09-08 00:07:32,503 [INFO] sentence_transformers.SentenceTransformer: Load pretrained SentenceTransformer: sentence-transformers/all-MiniLM-L6-v2
2025-09-08 00:07:33,348 [INFO] utility_wrappers.LoggingWrapper.LoggingWrapper: Creating storage context.
2025-09-08 00:07:33,349 [INFO] sentence_transformers.SentenceTransformer: Load pretrained SentenceTransformer: sentence-transformers/all-MiniLM-L6-v2
2025-09-08 00:07:34,093 [INFO] utility_wrappers.LoggingWrapper.LoggingWrapper: Maia/memory/RAG/store/facts
2025-09-08 00:07:34,095 [INFO] utility_wrappers.LoggingWrapper.LoggingWrapper: Checking goals RAG stores.
2025-09-08 00:07:34,096 [INFO] utility_wrappers.LoggingWrapper.LoggingWrapper: Creating goals RAG index.
2025-09-08 00:07:34,096 [INFO] sentence_transformers.SentenceTransformer: Load pretrained SentenceTransformer: sentence-transformers/all-MiniLM-L6-v2
2025-09-08 00:07:34,949 [INFO] utility_wrappers.LoggingWrapper.LoggingWrapper: Creating storage context.
2025-09-08 00:07:34,950 [INFO] sentence_transformers.SentenceTransformer: Load pretrained SentenceTransformer: sentence-transformers/all-MiniLM-L6-v2
2025-09-08 00:07:35,793 [INFO] utility_wrappers.LoggingWrapper.LoggingWrapper: Maia/memory/RAG/store/goals
2025-09-08 00:15:37,430 [INFO] faiss.loader: Loading faiss.
2025-09-08 00:15:37,441 [INFO] faiss.loader: Successfully loaded faiss.
2025-09-08 00:15:53,850 [INFO] faiss.loader: Loading faiss.
2025-09-08 00:15:53,862 [INFO] faiss.loader: Successfully loaded faiss.
2025-09-08 00:16:40,519 [INFO] faiss.loader: Loading faiss.
2025-09-08 00:16:40,530 [INFO] faiss.loader: Successfully loaded faiss.
2025-09-08 00:16:40,533 [INFO] utility_wrappers.LoggingWrapper.LoggingWrapper: Checking events RAG stores.
2025-09-08 00:16:40,533 [INFO] utility_wrappers.LoggingWrapper.LoggingWrapper: Creating events RAG index.
2025-09-08 00:16:40,534 [INFO] sentence_transformers.SentenceTransformer: Load pretrained SentenceTransformer: sentence-transformers/all-MiniLM-L6-v2
2025-09-08 00:16:41,448 [INFO] utility_wrappers.LoggingWrapper.LoggingWrapper: Creating storage context.
2025-09-08 00:16:41,449 [INFO] sentence_transformers.SentenceTransformer: Load pretrained SentenceTransformer: sentence-transformers/all-MiniLM-L6-v2
2025-09-08 00:16:42,405 [INFO] utility_wrappers.LoggingWrapper.LoggingWrapper: Maia/memory/RAG/store/events
2025-09-08 00:16:42,406 [INFO] utility_wrappers.LoggingWrapper.LoggingWrapper: Checking facts RAG stores.
2025-09-08 00:16:42,406 [INFO] utility_wrappers.LoggingWrapper.LoggingWrapper: Creating facts RAG index.
2025-09-08 00:16:42,406 [INFO] sentence_transformers.SentenceTransformer: Load pretrained SentenceTransformer: sentence-transformers/all-MiniLM-L6-v2
2025-09-08 00:16:43,244 [INFO] utility_wrappers.LoggingWrapper.LoggingWrapper: Creating storage context.
2025-09-08 00:16:43,245 [INFO] sentence_transformers.SentenceTransformer: Load pretrained SentenceTransformer: sentence-transformers/all-MiniLM-L6-v2
2025-09-08 00:16:44,033 [INFO] utility_wrappers.LoggingWrapper.LoggingWrapper: Maia/memory/RAG/store/facts
2025-09-08 00:16:44,034 [INFO] utility_wrappers.LoggingWrapper.LoggingWrapper: Checking goals RAG stores.
2025-09-08 00:16:44,034 [INFO] utility_wrappers.LoggingWrapper.LoggingWrapper: Creating goals RAG index.
2025-09-08 00:16:44,035 [INFO] sentence_transformers.SentenceTransformer: Load pretrained SentenceTransformer: sentence-transformers/all-MiniLM-L6-v2
2025-09-08 00:16:44,896 [INFO] utility_wrappers.LoggingWrapper.LoggingWrapper: Creating storage context.
2025-09-08 00:16:44,897 [INFO] sentence_transformers.SentenceTransformer: Load pretrained SentenceTransformer: sentence-transformers/all-MiniLM-L6-v2
2025-09-08 00:16:45,697 [INFO] utility_wrappers.LoggingWrapper.LoggingWrapper: Maia/memory/RAG/store/goals
2025-09-08 08:50:54,272 [INFO] faiss.loader: Loading faiss.
2025-09-08 08:50:54,284 [INFO] faiss.loader: Successfully loaded faiss.
2025-09-09 10:26:37,776 [INFO] faiss.loader: Loading faiss.
2025-09-09 10:26:37,809 [INFO] faiss.loader: Successfully loaded faiss.
2025-09-09 10:26:37,814 [INFO] utility_wrappers.LoggingWrapper.LoggingWrapper: Checking events RAG stores.
2025-09-09 10:26:37,814 [INFO] utility_wrappers.LoggingWrapper.LoggingWrapper: Creating events RAG index.
2025-09-09 10:26:37,814 [INFO] sentence_transformers.SentenceTransformer: Load pretrained SentenceTransformer: sentence-transformers/all-MiniLM-L6-v2
2025-09-09 10:26:38,751 [INFO] utility_wrappers.LoggingWrapper.LoggingWrapper: Creating storage context.
2025-09-09 10:26:38,753 [INFO] sentence_transformers.SentenceTransformer: Load pretrained SentenceTransformer: sentence-transformers/all-MiniLM-L6-v2
2025-09-09 10:26:39,542 [INFO] utility_wrappers.LoggingWrapper.LoggingWrapper: Persisting to: Maia/memory/RAG/store/events
2025-09-09 10:26:39,544 [INFO] utility_wrappers.LoggingWrapper.LoggingWrapper: Checking facts RAG stores.
2025-09-09 10:26:39,544 [INFO] utility_wrappers.LoggingWrapper.LoggingWrapper: Creating facts RAG index.
2025-09-09 10:26:39,544 [INFO] sentence_transformers.SentenceTransformer: Load pretrained SentenceTransformer: sentence-transformers/all-MiniLM-L6-v2
2025-09-09 10:26:40,285 [INFO] utility_wrappers.LoggingWrapper.LoggingWrapper: Creating storage context.
2025-09-09 10:26:40,286 [INFO] sentence_transformers.SentenceTransformer: Load pretrained SentenceTransformer: sentence-transformers/all-MiniLM-L6-v2
2025-09-09 10:26:40,950 [INFO] utility_wrappers.LoggingWrapper.LoggingWrapper: Persisting to: Maia/memory/RAG/store/facts
2025-09-09 10:26:40,952 [INFO] utility_wrappers.LoggingWrapper.LoggingWrapper: Checking goals RAG stores.
2025-09-09 10:26:40,952 [INFO] utility_wrappers.LoggingWrapper.LoggingWrapper: Creating goals RAG index.
2025-09-09 10:26:40,952 [INFO] sentence_transformers.SentenceTransformer: Load pretrained SentenceTransformer: sentence-transformers/all-MiniLM-L6-v2
2025-09-09 10:26:41,704 [INFO] utility_wrappers.LoggingWrapper.LoggingWrapper: Creating storage context.
2025-09-09 10:26:41,704 [INFO] sentence_transformers.SentenceTransformer: Load pretrained SentenceTransformer: sentence-transformers/all-MiniLM-L6-v2
2025-09-09 10:26:42,383 [INFO] utility_wrappers.LoggingWrapper.LoggingWrapper: Persisting to: Maia/memory/RAG/store/goals
2025-09-09 10:27:30,836 [INFO] faiss.loader: Loading faiss.
2025-09-09 10:27:30,848 [INFO] faiss.loader: Successfully loaded faiss.
2025-09-09 10:27:56,805 [INFO] faiss.loader: Loading faiss.
2025-09-09 10:27:56,828 [INFO] faiss.loader: Successfully loaded faiss.
2025-09-09 10:27:56,833 [INFO] utility_wrappers.LoggingWrapper.LoggingWrapper: Checking events RAG stores.
2025-09-09 10:27:56,833 [INFO] utility_wrappers.LoggingWrapper.LoggingWrapper: Creating events RAG index.
2025-09-09 10:27:56,833 [INFO] sentence_transformers.SentenceTransformer: Load pretrained SentenceTransformer: sentence-transformers/all-MiniLM-L6-v2
2025-09-09 10:27:57,835 [INFO] utility_wrappers.LoggingWrapper.LoggingWrapper: Creating storage context.
2025-09-09 10:27:57,837 [INFO] sentence_transformers.SentenceTransformer: Load pretrained SentenceTransformer: sentence-transformers/all-MiniLM-L6-v2
2025-09-09 10:27:58,671 [INFO] utility_wrappers.LoggingWrapper.LoggingWrapper: Persisting to: Maia/memory/RAG/store/events
2025-09-09 10:27:58,673 [INFO] utility_wrappers.LoggingWrapper.LoggingWrapper: Checking facts RAG stores.
2025-09-09 10:27:58,673 [INFO] utility_wrappers.LoggingWrapper.LoggingWrapper: Creating facts RAG index.
2025-09-09 10:27:58,673 [INFO] sentence_transformers.SentenceTransformer: Load pretrained SentenceTransformer: sentence-transformers/all-MiniLM-L6-v2
2025-09-09 10:27:59,350 [INFO] utility_wrappers.LoggingWrapper.LoggingWrapper: Creating storage context.
2025-09-09 10:27:59,351 [INFO] sentence_transformers.SentenceTransformer: Load pretrained SentenceTransformer: sentence-transformers/all-MiniLM-L6-v2
2025-09-09 10:28:00,217 [INFO] utility_wrappers.LoggingWrapper.LoggingWrapper: Persisting to: Maia/memory/RAG/store/facts
2025-09-09 10:28:00,221 [INFO] utility_wrappers.LoggingWrapper.LoggingWrapper: Checking goals RAG stores.
2025-09-09 10:28:00,221 [INFO] utility_wrappers.LoggingWrapper.LoggingWrapper: Creating goals RAG index.
2025-09-09 10:28:00,221 [INFO] sentence_transformers.SentenceTransformer: Load pretrained SentenceTransformer: sentence-transformers/all-MiniLM-L6-v2
2025-09-09 10:28:01,119 [INFO] utility_wrappers.LoggingWrapper.LoggingWrapper: Creating storage context.
2025-09-09 10:28:01,120 [INFO] sentence_transformers.SentenceTransformer: Load pretrained SentenceTransformer: sentence-transformers/all-MiniLM-L6-v2
2025-09-09 10:28:01,946 [INFO] utility_wrappers.LoggingWrapper.LoggingWrapper: Persisting to: Maia/memory/RAG/store/goals
2025-09-09 10:30:48,353 [INFO] faiss.loader: Loading faiss.
2025-09-09 10:30:48,366 [INFO] faiss.loader: Successfully loaded faiss.
2025-09-09 10:30:48,371 [INFO] utility_wrappers.LoggingWrapper.LoggingWrapper: Checking events RAG stores.
2025-09-09 10:30:48,371 [INFO] utility_wrappers.LoggingWrapper.LoggingWrapper: Creating events RAG index.
2025-09-09 10:30:48,372 [INFO] sentence_transformers.SentenceTransformer: Load pretrained SentenceTransformer: sentence-transformers/all-MiniLM-L6-v2
2025-09-09 10:30:49,250 [INFO] utility_wrappers.LoggingWrapper.LoggingWrapper: Creating storage context.
2025-09-09 10:30:49,251 [INFO] sentence_transformers.SentenceTransformer: Load pretrained SentenceTransformer: sentence-transformers/all-MiniLM-L6-v2
2025-09-09 10:30:50,195 [INFO] utility_wrappers.LoggingWrapper.LoggingWrapper: Persisting to: Maia/memory/RAG/store/events
2025-09-09 10:30:50,196 [INFO] utility_wrappers.LoggingWrapper.LoggingWrapper: Checking facts RAG stores.
2025-09-09 10:30:50,197 [INFO] utility_wrappers.LoggingWrapper.LoggingWrapper: Creating facts RAG index.
2025-09-09 10:30:50,197 [INFO] sentence_transformers.SentenceTransformer: Load pretrained SentenceTransformer: sentence-transformers/all-MiniLM-L6-v2
2025-09-09 10:30:50,862 [INFO] utility_wrappers.LoggingWrapper.LoggingWrapper: Creating storage context.
2025-09-09 10:30:50,863 [INFO] sentence_transformers.SentenceTransformer: Load pretrained SentenceTransformer: sentence-transformers/all-MiniLM-L6-v2
2025-09-09 10:30:51,716 [INFO] utility_wrappers.LoggingWrapper.LoggingWrapper: Persisting to: Maia/memory/RAG/store/facts
2025-09-09 10:30:51,718 [INFO] utility_wrappers.LoggingWrapper.LoggingWrapper: Checking goals RAG stores.
2025-09-09 10:30:51,719 [INFO] utility_wrappers.LoggingWrapper.LoggingWrapper: Creating goals RAG index.
2025-09-09 10:30:51,719 [INFO] sentence_transformers.SentenceTransformer: Load pretrained SentenceTransformer: sentence-transformers/all-MiniLM-L6-v2
2025-09-09 10:30:52,546 [INFO] utility_wrappers.LoggingWrapper.LoggingWrapper: Creating storage context.
2025-09-09 10:30:52,547 [INFO] sentence_transformers.SentenceTransformer: Load pretrained SentenceTransformer: sentence-transformers/all-MiniLM-L6-v2
2025-09-09 10:30:53,369 [INFO] utility_wrappers.LoggingWrapper.LoggingWrapper: Persisting to: Maia/memory/RAG/store/goals
2025-09-09 10:31:43,516 [INFO] faiss.loader: Loading faiss.
2025-09-09 10:31:43,530 [INFO] faiss.loader: Successfully loaded faiss.
2025-09-09 10:31:43,535 [INFO] utility_wrappers.LoggingWrapper.LoggingWrapper: Checking events RAG stores.
2025-09-09 10:31:43,535 [INFO] utility_wrappers.LoggingWrapper.LoggingWrapper: Creating events RAG index.
2025-09-09 10:31:43,535 [INFO] sentence_transformers.SentenceTransformer: Load pretrained SentenceTransformer: sentence-transformers/all-MiniLM-L6-v2
2025-09-09 10:31:44,419 [INFO] utility_wrappers.LoggingWrapper.LoggingWrapper: Creating events storage context.
2025-09-09 10:31:44,422 [INFO] sentence_transformers.SentenceTransformer: Load pretrained SentenceTransformer: sentence-transformers/all-MiniLM-L6-v2
2025-09-09 10:31:45,255 [INFO] utility_wrappers.LoggingWrapper.LoggingWrapper: Persisting to: Maia/memory/RAG/store/events
2025-09-09 10:31:45,257 [INFO] utility_wrappers.LoggingWrapper.LoggingWrapper: Checking facts RAG stores.
2025-09-09 10:31:45,257 [INFO] utility_wrappers.LoggingWrapper.LoggingWrapper: Creating facts RAG index.
2025-09-09 10:31:45,257 [INFO] sentence_transformers.SentenceTransformer: Load pretrained SentenceTransformer: sentence-transformers/all-MiniLM-L6-v2
2025-09-09 10:31:45,930 [INFO] utility_wrappers.LoggingWrapper.LoggingWrapper: Creating facts storage context.
2025-09-09 10:31:45,931 [INFO] sentence_transformers.SentenceTransformer: Load pretrained SentenceTransformer: sentence-transformers/all-MiniLM-L6-v2
2025-09-09 10:31:46,666 [INFO] utility_wrappers.LoggingWrapper.LoggingWrapper: Persisting to: Maia/memory/RAG/store/facts
2025-09-09 10:31:46,671 [INFO] utility_wrappers.LoggingWrapper.LoggingWrapper: Checking goals RAG stores.
2025-09-09 10:31:46,671 [INFO] utility_wrappers.LoggingWrapper.LoggingWrapper: Creating goals RAG index.
2025-09-09 10:31:46,678 [INFO] sentence_transformers.SentenceTransformer: Load pretrained SentenceTransformer: sentence-transformers/all-MiniLM-L6-v2
2025-09-09 10:31:47,429 [INFO] utility_wrappers.LoggingWrapper.LoggingWrapper: Creating goals storage context.
2025-09-09 10:31:47,430 [INFO] sentence_transformers.SentenceTransformer: Load pretrained SentenceTransformer: sentence-transformers/all-MiniLM-L6-v2
2025-09-09 10:31:48,106 [INFO] utility_wrappers.LoggingWrapper.LoggingWrapper: Persisting to: Maia/memory/RAG/store/goals
2025-09-09 10:32:53,680 [INFO] faiss.loader: Loading faiss.
2025-09-09 10:32:53,691 [INFO] faiss.loader: Successfully loaded faiss.
2025-09-09 10:32:53,697 [INFO] utility_wrappers.LoggingWrapper.LoggingWrapper: Checking events RAG stores.
2025-09-09 10:32:53,697 [INFO] utility_wrappers.LoggingWrapper.LoggingWrapper: Checking facts RAG stores.
2025-09-09 10:32:53,697 [INFO] utility_wrappers.LoggingWrapper.LoggingWrapper: Checking goals RAG stores.
2025-09-09 10:53:13,691 [INFO] faiss.loader: Loading faiss.
2025-09-09 10:53:13,702 [INFO] faiss.loader: Successfully loaded faiss.
2025-09-09 10:53:13,707 [INFO] utility_wrappers.LoggingWrapper.LoggingWrapper: Checking events RAG stores.
2025-09-09 10:53:13,707 [INFO] utility_wrappers.LoggingWrapper.LoggingWrapper: Checking facts RAG stores.
2025-09-09 10:53:13,707 [INFO] utility_wrappers.LoggingWrapper.LoggingWrapper: Checking goals RAG stores.
2025-09-09 10:53:43,342 [INFO] faiss.loader: Loading faiss.
2025-09-09 10:53:43,357 [INFO] faiss.loader: Successfully loaded faiss.
2025-09-09 10:53:43,361 [INFO] utility_wrappers.LoggingWrapper.LoggingWrapper: Checking events RAG stores.
2025-09-09 10:53:43,361 [INFO] utility_wrappers.LoggingWrapper.LoggingWrapper: Checking facts RAG stores.
2025-09-09 10:53:43,361 [INFO] utility_wrappers.LoggingWrapper.LoggingWrapper: Checking goals RAG stores.
2025-09-09 10:54:29,083 [INFO] faiss.loader: Loading faiss.
2025-09-09 10:54:29,095 [INFO] faiss.loader: Successfully loaded faiss.
2025-09-09 10:54:29,100 [INFO] utility_wrappers.LoggingWrapper.LoggingWrapper: Checking events RAG stores.
2025-09-09 10:54:29,100 [INFO] utility_wrappers.LoggingWrapper.LoggingWrapper: Checking facts RAG stores.
2025-09-09 10:54:29,100 [INFO] utility_wrappers.LoggingWrapper.LoggingWrapper: Checking goals RAG stores.
2025-09-09 11:11:48,885 [INFO] faiss.loader: Loading faiss.
2025-09-09 11:11:48,898 [INFO] faiss.loader: Successfully loaded faiss.
2025-09-09 11:11:48,903 [INFO] utility_wrappers.LoggingWrapper.LoggingWrapper: Checking events RAG stores.
2025-09-09 11:11:48,903 [INFO] utility_wrappers.LoggingWrapper.LoggingWrapper: Checking facts RAG stores.
2025-09-09 11:11:48,903 [INFO] utility_wrappers.LoggingWrapper.LoggingWrapper: Checking goals RAG stores.
2025-09-09 11:12:24,962 [INFO] faiss.loader: Loading faiss.
2025-09-09 11:12:24,975 [INFO] faiss.loader: Successfully loaded faiss.
2025-09-09 11:12:24,980 [INFO] utility_wrappers.LoggingWrapper.LoggingWrapper: Checking events RAG stores.
2025-09-09 11:12:24,980 [INFO] utility_wrappers.LoggingWrapper.LoggingWrapper: Checking facts RAG stores.
2025-09-09 11:12:24,980 [INFO] utility_wrappers.LoggingWrapper.LoggingWrapper: Checking goals RAG stores.
2025-09-09 11:18:43,020 [INFO] faiss.loader: Loading faiss.
2025-09-09 11:18:43,031 [INFO] faiss.loader: Successfully loaded faiss.
2025-09-09 11:18:43,035 [INFO] utility_wrappers.LoggingWrapper.LoggingWrapper: Checking events RAG stores.
2025-09-09 11:18:43,036 [INFO] utility_wrappers.LoggingWrapper.LoggingWrapper: Checking facts RAG stores.
2025-09-09 11:18:43,036 [INFO] utility_wrappers.LoggingWrapper.LoggingWrapper: Checking goals RAG stores.
2025-09-09 11:21:05,439 [INFO] faiss.loader: Loading faiss.
2025-09-09 11:21:05,450 [INFO] faiss.loader: Successfully loaded faiss.
2025-09-09 11:21:05,454 [INFO] utility_wrappers.LoggingWrapper.LoggingWrapper: Checking events RAG stores.
2025-09-09 11:21:05,455 [INFO] utility_wrappers.LoggingWrapper.LoggingWrapper: Checking facts RAG stores.
2025-09-09 11:21:05,455 [INFO] utility_wrappers.LoggingWrapper.LoggingWrapper: Checking goals RAG stores.
2025-09-09 11:25:53,767 [INFO] faiss.loader: Loading faiss.
2025-09-09 11:25:53,781 [INFO] faiss.loader: Successfully loaded faiss.
2025-09-09 11:25:53,786 [INFO] utility_wrappers.LoggingWrapper.LoggingWrapper: Checking events RAG stores.
2025-09-09 11:25:53,786 [INFO] utility_wrappers.LoggingWrapper.LoggingWrapper: Checking facts RAG stores.
2025-09-09 11:25:53,786 [INFO] utility_wrappers.LoggingWrapper.LoggingWrapper: Checking goals RAG stores.
2025-09-09 11:32:53,834 [INFO] faiss.loader: Loading faiss.
2025-09-09 11:32:53,846 [INFO] faiss.loader: Successfully loaded faiss.
2025-09-09 11:32:53,850 [INFO] utility_wrappers.LoggingWrapper.LoggingWrapper: Checking events RAG stores.
2025-09-09 11:32:53,851 [INFO] utility_wrappers.LoggingWrapper.LoggingWrapper: Checking facts RAG stores.
2025-09-09 11:32:53,851 [INFO] utility_wrappers.LoggingWrapper.LoggingWrapper: Checking goals RAG stores.
2025-09-09 11:46:12,458 [INFO] faiss.loader: Loading faiss.
2025-09-09 11:46:12,469 [INFO] faiss.loader: Successfully loaded faiss.
2025-09-09 11:46:12,474 [INFO] utility_wrappers.LoggingWrapper.LoggingWrapper: Checking events RAG stores.
2025-09-09 11:46:12,474 [INFO] utility_wrappers.LoggingWrapper.LoggingWrapper: Checking facts RAG stores.
2025-09-09 11:46:12,474 [INFO] utility_wrappers.LoggingWrapper.LoggingWrapper: Checking goals RAG stores.
2025-09-09 12:01:44,022 [INFO] faiss.loader: Loading faiss.
2025-09-09 12:01:44,034 [INFO] faiss.loader: Successfully loaded faiss.
2025-09-09 12:01:44,039 [INFO] utility_wrappers.LoggingWrapper.LoggingWrapper: Checking events RAG stores.
2025-09-09 12:01:44,039 [INFO] utility_wrappers.LoggingWrapper.LoggingWrapper: Checking facts RAG stores.
2025-09-09 12:01:44,039 [INFO] utility_wrappers.LoggingWrapper.LoggingWrapper: Checking goals RAG stores.
2025-09-09 12:03:13,168 [INFO] faiss.loader: Loading faiss.
2025-09-09 12:03:13,179 [INFO] faiss.loader: Successfully loaded faiss.
2025-09-09 12:03:13,183 [INFO] utility_wrappers.LoggingWrapper.LoggingWrapper: Checking events RAG stores.
2025-09-09 12:03:13,183 [INFO] utility_wrappers.LoggingWrapper.LoggingWrapper: Checking facts RAG stores.
2025-09-09 12:03:13,183 [INFO] utility_wrappers.LoggingWrapper.LoggingWrapper: Checking goals RAG stores.
2025-09-09 12:10:14,458 [INFO] faiss.loader: Loading faiss.
2025-09-09 12:10:14,469 [INFO] faiss.loader: Successfully loaded faiss.
2025-09-09 12:10:14,474 [INFO] utility_wrappers.LoggingWrapper.LoggingWrapper: Checking events RAG stores.
2025-09-09 12:10:14,474 [INFO] utility_wrappers.LoggingWrapper.LoggingWrapper: Checking facts RAG stores.
2025-09-09 12:10:14,474 [INFO] utility_wrappers.LoggingWrapper.LoggingWrapper: Checking goals RAG stores.
